<?xml version="1.0" encoding="UTF-8"?>
<!-- Generated by org.testng.reporters.JUnitReportReporter -->
<testsuite hostname="DESKTOP-1SST5UI" failures="0" tests="1" name="cryptonewz.SubmitPR" time="62.159" errors="0" timestamp="2025-03-17T12:14:10 IST" skipped="0">
  <testcase classname="cryptonewz.SubmitPR" name="invalid_PRname_num" time="62.159"/>
  <system-out/>
</testsuite> <!-- cryptonewz.SubmitPR -->
